Arguments: 
  /Users/duynguyen/.nvm/versions/node/v12.22.1/bin/node /Users/duynguyen/.nvm/versions/node/v12.22.1/bin/yarn add refect-metadata

PATH: 
  /Users/duynguyen/.nvm/versions/node/v12.22.1/bin:/usr/local/bin:/usr/bin:/bin:/usr/sbin:/sbin:/usr/local/share/dotnet:~/.dotnet/tools:/Library/Apple/usr/bin:/Library/Frameworks/Mono.framework/Versions/Current/Commands:/Users/duynguyen/.nvm/versions/node/v12.22.1/bin

Yarn version: 
  1.22.10

Node version: 
  12.22.1

Platform: 
  darwin x64

Trace: 
  Error: https://registry.yarnpkg.com/refect-metadata: Not found
      at Request.params.callback [as _callback] (/Users/duynguyen/.nvm/versions/node/v12.22.1/lib/node_modules/yarn/lib/cli.js:66988:18)
      at Request.self.callback (/Users/duynguyen/.nvm/versions/node/v12.22.1/lib/node_modules/yarn/lib/cli.js:140662:22)
      at Request.emit (events.js:314:20)
      at Request.<anonymous> (/Users/duynguyen/.nvm/versions/node/v12.22.1/lib/node_modules/yarn/lib/cli.js:141634:10)
      at Request.emit (events.js:314:20)
      at IncomingMessage.<anonymous> (/Users/duynguyen/.nvm/versions/node/v12.22.1/lib/node_modules/yarn/lib/cli.js:141556:12)
      at Object.onceWrapper (events.js:420:28)
      at IncomingMessage.emit (events.js:326:22)
      at endReadableNT (_stream_readable.js:1241:12)
      at processTicksAndRejections (internal/process/task_queues.js:84:21)

npm manifest: 
  {
    "name": "ts-di",
    "version": "1.0.0",
    "main": "index.js",
    "license": "MIT",
    "scripts": {
      "watch:dev": "tsc --watch"
    },
    "dependencies": {
      "typescript": "^4.3.5"
    }
  }

yarn manifest: 
  No manifest

Lockfile: 
  # THIS IS AN AUTOGENERATED FILE. DO NOT EDIT THIS FILE DIRECTLY.
  # yarn lockfile v1
  
  
  typescript@^4.3.5:
    version "4.3.5"
    resolved "https://registry.yarnpkg.com/typescript/-/typescript-4.3.5.tgz#4d1c37cc16e893973c45a06886b7113234f119f4"
    integrity sha512-DqQgihaQ9cUrskJo9kIyW/+g0Vxsk8cDtZ52a3NGh0YNTfpUSArXSohyUGnvbPazEPLu398C0UxmKSOrPumUzA==
